#
# There is insufficient memory for the Java Runtime Environment to continue.
# Native memory allocation (malloc) failed to allocate 1580112 bytes for Chunk::new
# Possible reasons:
#   The system is out of physical RAM or swap space
#   In 32 bit mode, the process size limit was hit
# Possible solutions:
#   Reduce memory load on the system
#   Increase physical memory or swap space
#   Check if swap backing store is full
#   Use 64 bit Java on a 64 bit OS
#   Decrease Java heap size (-Xmx/-Xms)
#   Decrease number of Java threads
#   Decrease Java thread stack sizes (-Xss)
#   Set larger code cache with -XX:ReservedCodeCacheSize=
# This output file may be truncated or incomplete.
#
#  Out of Memory Error (allocation.cpp:390), pid=14524, tid=0x00000000000006b0
#
# JRE version: OpenJDK Runtime Environment (8.0_152-b01) (build 1.8.0_152-release-1343-b01)
# Java VM: OpenJDK 64-Bit Server VM (25.152-b01 mixed mode windows-amd64 compressed oops)
# Failed to write core dump. Minidumps are not enabled by default on client versions of Windows
#

---------------  T H R E A D  ---------------

Current thread (0x0000000016e2e800):  JavaThread "C2 CompilerThread1" daemon [_thread_in_native, id=1712, stack(0x00000000188b0000,0x00000000189b0000)]

Stack: [0x00000000188b0000,0x00000000189b0000]
[error occurred during error reporting (printing stack bounds), id 0xc0000005]

Native frames: (J=compiled Java code, j=interpreted, Vv=VM code, C=native code)


Current CompileTask:
C2:   6549 2359       4       groovy.lang.MetaClassImpl$1MOPIter::methodNameAction (325 bytes)


---------------  P R O C E S S  ---------------

Java Threads: ( => current thread )
  0x0000000019f58000 JavaThread "Cache worker for execution history cache (C:\Users\LACUC\.gradle\caches\5.1.1\executionHistory)" [_thread_blocked, id=9316, stack(0x0000000020670000,0x0000000020770000)]
  0x0000000019f56800 JavaThread "Cache worker for cache directory md-rule (C:\Users\LACUC\.gradle\caches\5.1.1\md-rule)" [_thread_blocked, id=15896, stack(0x000000001eec0000,0x000000001efc0000)]
  0x0000000019f57800 JavaThread "Cache worker for cache directory md-supplier (C:\Users\LACUC\.gradle\caches\5.1.1\md-supplier)" [_thread_blocked, id=12424, stack(0x000000001eaf0000,0x000000001ebf0000)]
  0x0000000019f52000 JavaThread "Cache worker for file hash cache (C:\Users\LACUC\Desktop\1.Study\3-2\7.Mobile_Programming\1.Main Project\Mobile_programming\GMB_191205\.gradle\5.1.1\fileHashes)" [_thread_blocked, id=13208, stack(0x000000001d720000,0x000000001d820000)]
  0x0000000019f53000 JavaThread "Cache worker for journal cache (C:\Users\LACUC\.gradle\caches\journal-1)" [_thread_blocked, id=21116, stack(0x000000001b480000,0x000000001b580000)]
  0x0000000019f59000 JavaThread "File lock request listener" [_thread_in_native, id=2272, stack(0x000000001b380000,0x000000001b480000)]
  0x0000000019ee9800 JavaThread "Cache worker for file hash cache (C:\Users\LACUC\.gradle\caches\5.1.1\fileHashes)" [_thread_blocked, id=16132, stack(0x000000001b280000,0x000000001b380000)]
  0x0000000019e7c800 JavaThread "Thread-8" [_thread_blocked, id=18460, stack(0x000000001b180000,0x000000001b280000)]
  0x0000000019e7b800 JavaThread "Stdin handler" [_thread_blocked, id=10680, stack(0x000000001b080000,0x000000001b180000)]
  0x0000000019e7b000 JavaThread "Asynchronous log dispatcher for DefaultDaemonConnection: socket connection from /127.0.0.1:64143 to /127.0.0.1:64144" [_thread_blocked, id=22136, stack(0x000000001af80000,0x000000001b080000)]
  0x0000000019e78000 JavaThread "Daemon worker" [_thread_in_Java, id=10864, stack(0x000000001ae80000,0x000000001af80000)]
  0x0000000019e48800 JavaThread "Cancel handler" [_thread_blocked, id=14636, stack(0x000000001ad80000,0x000000001ae80000)]
  0x0000000019e1c000 JavaThread "Handler for socket connection from /127.0.0.1:64143 to /127.0.0.1:64144" [_thread_in_native, id=10180, stack(0x000000001aa80000,0x000000001ab80000)]
  0x0000000019e1b000 JavaThread "Daemon" [_thread_blocked, id=12904, stack(0x000000001a980000,0x000000001aa80000)]
  0x0000000019c0f800 JavaThread "Daemon periodic checks" [_thread_blocked, id=13360, stack(0x000000001a880000,0x000000001a980000)]
  0x0000000019c07000 JavaThread "Incoming local TCP Connector on port 64143" [_thread_in_native, id=10328, stack(0x000000001a6a0000,0x000000001a7a0000)]
  0x0000000018212000 JavaThread "Service Thread" daemon [_thread_blocked, id=4808, stack(0x0000000018ab0000,0x0000000018bb0000)]
  0x00000000181bf000 JavaThread "C1 CompilerThread2" daemon [_thread_blocked, id=10088, stack(0x00000000189b0000,0x0000000018ab0000)]
=>0x0000000016e2e800 JavaThread "C2 CompilerThread1" daemon [_thread_in_native, id=1712, stack(0x00000000188b0000,0x00000000189b0000)]
  0x0000000016e2a000 JavaThread "C2 CompilerThread0" daemon [_thread_in_native, id=13100, stack(0x00000000187b0000,0x00000000188b0000)]
  0x0000000016e29000 JavaThread "Attach Listener" daemon [_thread_blocked, id=21700, stack(0x00000000186b0000,0x00000000187b0000)]
  0x0000000016dc7800 JavaThread "Signal Dispatcher" daemon [_thread_blocked, id=15440, stack(0x00000000185b0000,0x00000000186b0000)]
  0x000000000345b800 JavaThread "Finalizer" daemon [_thread_blocked, id=16932, stack(0x0000000018020000,0x0000000018120000)]
  0x0000000003451000 JavaThread "Reference Handler" daemon [_thread_blocked, id=11696, stack(0x0000000017f20000,0x0000000018020000)]
  0x0000000003362800 JavaThread "main" [_thread_blocked, id=21044, stack(0x0000000002ec0000,0x0000000002fc0000)]

Other Threads:
  0x0000000016d96000 VMThread [stack: 0x0000000017e20000,0x0000000017f20000] [id=8956]
  0x0000000018214800 WatcherThread [stack: 0x0000000018bb0000,0x0000000018cb0000] [id=6232]

VM state:not at safepoint (normal execution)

VM Mutex/Monitor currently owned by a thread: None

Heap:
 PSYoungGen      total 75776K, used 27122K [0x00000000e0000000, 0x00000000e7b80000, 0x0000000100000000)
  eden space 65024K, 26% used [0x00000000e0000000,0x00000000e10f64b0,0x00000000e3f80000)
  from space 10752K, 90% used [0x00000000e3f80000,0x00000000e4906408,0x00000000e4a00000)
  to   space 12800K, 0% used [0x00000000e6f00000,0x00000000e6f00000,0x00000000e7b80000)
 ParOldGen       total 115200K, used 11191K [0x00000000a0000000, 0x00000000a7080000, 0x00000000e0000000)
  object space 115200K, 9% used [0x00000000a0000000,0x00000000a0aedf78,0x00000000a7080000)
 Metaspace       used 32928K, capacity 33568K, committed 33792K, reserved 1079296K
  class space    used 4545K, capacity 4745K, committed 4864K, reserved 1048576K

Card table byte_map: [0x0000000012820000,0x0000000012b30000] byte_map_base: 0x0000000012320000

Marking Bits: (ParMarkBitMap*) 0x0000000058885aa0
 Begin Bits: [0x0000000013130000, 0x0000000014930000)
 End Bits:   [0x0000000014930000, 0x0000000016130000)

Polling page: 0x0000000000ff0000

CodeCache: size=245760Kb used=9901Kb max_used=9901Kb free=235858Kb
 bounds [0x0000000003460000, 0x0000000003e20000, 0x0000000012460000]
 total_blobs=3168 nmethods=2485 adapters=594
 compilation: enabled

Compilation events (10 events):
Event: 6.511 Thread 0x00000000181bf000 2515       3       com.google.common.collect.LinkedHashMultimap$ValueSet$1::hasNext (21 bytes)
Event: 6.511 Thread 0x00000000181bf000 nmethod 2515 0x0000000003570a50 code [0x0000000003570be0, 0x0000000003570f08]
Event: 6.516 Thread 0x00000000181bf000 2516       3       java.net.URI::match (56 bytes)
Event: 6.516 Thread 0x00000000181bf000 nmethod 2516 0x000000000356d7d0 code [0x000000000356d940, 0x000000000356dc50]
Event: 6.517 Thread 0x00000000181bf000 2517       3       org.gradle.internal.logging.slf4j.OutputEventListenerBackedLogger::debug (18 bytes)
Event: 6.518 Thread 0x00000000181bf000 nmethod 2517 0x0000000003df8d90 code [0x0000000003df8f60, 0x0000000003df9758]
Event: 6.518 Thread 0x00000000181bf000 2518       3       org.gradle.internal.Cast::uncheckedCast (2 bytes)
Event: 6.518 Thread 0x00000000181bf000 nmethod 2518 0x0000000003df3950 code [0x0000000003df3aa0, 0x0000000003df3bd0]
Event: 6.529 Thread 0x00000000181bf000 2519       1       java.util.TreeMap::size (5 bytes)
Event: 6.529 Thread 0x00000000181bf000 nmethod 2519 0x0000000003597290 code [0x00000000035973e0, 0x00000000035974f0]

GC Heap History (10 events):
Event: 3.357 GC heap before
{Heap before GC invocations=2 (full 0):
 PSYoungGen      total 75776K, used 71801K [0x00000000e0000000, 0x00000000e5480000, 0x0000000100000000)
  eden space 65024K, 100% used [0x00000000e0000000,0x00000000e3f80000,0x00000000e3f80000)
  from space 10752K, 63% used [0x00000000e3f80000,0x00000000e461e6b0,0x00000000e4a00000)
  to   space 10752K, 0% used [0x00000000e4a00000,0x00000000e4a00000,0x00000000e5480000)
 ParOldGen       total 173568K, used 16K [0x00000000a0000000, 0x00000000aa980000, 0x00000000e0000000)
  object space 173568K, 0% used [0x00000000a0000000,0x00000000a0004000,0x00000000aa980000)
 Metaspace       used 15438K, capacity 15868K, committed 16000K, reserved 1062912K
  class space    used 2187K, capacity 2332K, committed 2432K, reserved 1048576K
Event: 3.369 GC heap after
Heap after GC invocations=2 (full 0):
 PSYoungGen      total 75776K, used 10451K [0x00000000e0000000, 0x00000000e5480000, 0x0000000100000000)
  eden space 65024K, 0% used [0x00000000e0000000,0x00000000e0000000,0x00000000e3f80000)
  from space 10752K, 97% used [0x00000000e4a00000,0x00000000e5434cf8,0x00000000e5480000)
  to   space 10752K, 0% used [0x00000000e3f80000,0x00000000e3f80000,0x00000000e4a00000)
 ParOldGen       total 173568K, used 24K [0x00000000a0000000, 0x00000000aa980000, 0x00000000e0000000)
  object space 173568K, 0% used [0x00000000a0000000,0x00000000a0006000,0x00000000aa980000)
 Metaspace       used 15438K, capacity 15868K, committed 16000K, reserved 1062912K
  class space    used 2187K, capacity 2332K, committed 2432K, reserved 1048576K
}
Event: 4.794 GC heap before
{Heap before GC invocations=3 (full 0):
 PSYoungGen      total 75776K, used 59069K [0x00000000e0000000, 0x00000000e5480000, 0x0000000100000000)
  eden space 65024K, 74% used [0x00000000e0000000,0x00000000e2f7a820,0x00000000e3f80000)
  from space 10752K, 97% used [0x00000000e4a00000,0x00000000e5434cf8,0x00000000e5480000)
  to   space 10752K, 0% used [0x00000000e3f80000,0x00000000e3f80000,0x00000000e4a00000)
 ParOldGen       total 173568K, used 24K [0x00000000a0000000, 0x00000000aa980000, 0x00000000e0000000)
  object space 173568K, 0% used [0x00000000a0000000,0x00000000a0006000,0x00000000aa980000)
 Metaspace       used 20615K, capacity 21092K, committed 21296K, reserved 1067008K
  class space    used 2903K, capacity 3097K, committed 3200K, reserved 1048576K
Event: 4.801 GC heap after
Heap after GC invocations=3 (full 0):
 PSYoungGen      total 75776K, used 10745K [0x00000000e0000000, 0x00000000e5480000, 0x0000000100000000)
  eden space 65024K, 0% used [0x00000000e0000000,0x00000000e0000000,0x00000000e3f80000)
  from space 10752K, 99% used [0x00000000e3f80000,0x00000000e49fe600,0x00000000e4a00000)
  to   space 10752K, 0% used [0x00000000e4a00000,0x00000000e4a00000,0x00000000e5480000)
 ParOldGen       total 173568K, used 722K [0x00000000a0000000, 0x00000000aa980000, 0x00000000e0000000)
  object space 173568K, 0% used [0x00000000a0000000,0x00000000a00b4b90,0x00000000aa980000)
 Metaspace       used 20615K, capacity 21092K, committed 21296K, reserved 1067008K
  class space    used 2903K, capacity 3097K, committed 3200K, reserved 1048576K
}
Event: 4.801 GC heap before
{Heap before GC invocations=4 (full 1):
 PSYoungGen      total 75776K, used 10745K [0x00000000e0000000, 0x00000000e5480000, 0x0000000100000000)
  eden space 65024K, 0% used [0x00000000e0000000,0x00000000e0000000,0x00000000e3f80000)
  from space 10752K, 99% used [0x00000000e3f80000,0x00000000e49fe600,0x00000000e4a00000)
  to   space 10752K, 0% used [0x00000000e4a00000,0x00000000e4a00000,0x00000000e5480000)
 ParOldGen       total 173568K, used 722K [0x00000000a0000000, 0x00000000aa980000, 0x00000000e0000000)
  object space 173568K, 0% used [0x00000000a0000000,0x00000000a00b4b90,0x00000000aa980000)
 Metaspace       used 20615K, capacity 21092K, committed 21296K, reserved 1067008K
  class space    used 2903K, capacity 3097K, committed 3200K, reserved 1048576K
Event: 4.835 GC heap after
Heap after GC invocations=4 (full 1):
 PSYoungGen      total 75776K, used 0K [0x00000000e0000000, 0x00000000e5480000, 0x0000000100000000)
  eden space 65024K, 0% used [0x00000000e0000000,0x00000000e0000000,0x00000000e3f80000)
  from space 10752K, 0% used [0x00000000e3f80000,0x00000000e3f80000,0x00000000e4a00000)
  to   space 10752K, 0% used [0x00000000e4a00000,0x00000000e4a00000,0x00000000e5480000)
 ParOldGen       total 115200K, used 11175K [0x00000000a0000000, 0x00000000a7080000, 0x00000000e0000000)
  object space 115200K, 9% used [0x00000000a0000000,0x00000000a0ae9f78,0x00000000a7080000)
 Metaspace       used 20615K, capacity 21092K, committed 21296K, reserved 1067008K
  class space    used 2903K, capacity 3097K, committed 3200K, reserved 1048576K
}
Event: 5.384 GC heap before
{Heap before GC invocations=5 (full 1):
 PSYoungGen      total 75776K, used 65024K [0x00000000e0000000, 0x00000000e5480000, 0x0000000100000000)
  eden space 65024K, 100% used [0x00000000e0000000,0x00000000e3f80000,0x00000000e3f80000)
  from space 10752K, 0% used [0x00000000e3f80000,0x00000000e3f80000,0x00000000e4a00000)
  to   space 10752K, 0% used [0x00000000e4a00000,0x00000000e4a00000,0x00000000e5480000)
 ParOldGen       total 115200K, used 11175K [0x00000000a0000000, 0x00000000a7080000, 0x00000000e0000000)
  object space 115200K, 9% used [0x00000000a0000000,0x00000000a0ae9f78,0x00000000a7080000)
 Metaspace       used 27782K, capacity 28298K, committed 28672K, reserved 1073152K
  class space    used 3792K, capacity 4001K, committed 4096K, reserved 1048576K
Event: 5.388 GC heap after
Heap after GC invocations=5 (full 1):
 PSYoungGen      total 75776K, used 7284K [0x00000000e0000000, 0x00000000e7100000, 0x0000000100000000)
  eden space 65024K, 0% used [0x00000000e0000000,0x00000000e0000000,0x00000000e3f80000)
  from space 10752K, 67% used [0x00000000e4a00000,0x00000000e511d1c8,0x00000000e5480000)
  to   space 10752K, 0% used [0x00000000e3f80000,0x00000000e3f80000,0x00000000e4a00000)
 ParOldGen       total 115200K, used 11183K [0x00000000a0000000, 0x00000000a7080000, 0x00000000e0000000)
  object space 115200K, 9% used [0x00000000a0000000,0x00000000a0aebf78,0x00000000a7080000)
 Metaspace       used 27782K, capacity 28298K, committed 28672K, reserved 1073152K
  class space    used 3792K, capacity 4001K, committed 4096K, reserved 1048576K
}
Event: 6.335 GC heap before
{Heap before GC invocations=6 (full 1):
 PSYoungGen      total 75776K, used 72308K [0x00000000e0000000, 0x00000000e7100000, 0x0000000100000000)
  eden space 65024K, 100% used [0x00000000e0000000,0x00000000e3f80000,0x00000000e3f80000)
  from space 10752K, 67% used [0x00000000e4a00000,0x00000000e511d1c8,0x00000000e5480000)
  to   space 10752K, 0% used [0x00000000e3f80000,0x00000000e3f80000,0x00000000e4a00000)
 ParOldGen       total 115200K, used 11183K [0x00000000a0000000, 0x00000000a7080000, 0x00000000e0000000)
  object space 115200K, 9% used [0x00000000a0000000,0x00000000a0aebf78,0x00000000a7080000)
 Metaspace       used 32349K, capacity 32954K, committed 33152K, reserved 1077248K
  class space    used 4451K, capacity 4647K, committed 4736K, reserved 1048576K
Event: 6.351 GC heap after
Heap after GC invocations=6 (full 1):
 PSYoungGen      total 75776K, used 9753K [0x00000000e0000000, 0x00000000e7b80000, 0x0000000100000000)
  eden space 65024K, 0% used [0x00000000e0000000,0x00000000e0000000,0x00000000e3f80000)
  from space 10752K, 90% used [0x00000000e3f80000,0x00000000e4906408,0x00000000e4a00000)
  to   space 12800K, 0% used [0x00000000e6f00000,0x00000000e6f00000,0x00000000e7b80000)
 ParOldGen       total 115200K, used 11191K [0x00000000a0000000, 0x00000000a7080000, 0x00000000e0000000)
  object space 115200K, 9% used [0x00000000a0000000,0x00000000a0aedf78,0x00000000a7080000)
 Metaspace       used 32349K, capacity 32954K, committed 33152K, reserved 1077248K
  class space    used 4451K, capacity 4647K, committed 4736K, reserved 1048576K
}

Deoptimization events (10 events):
Event: 5.191 Thread 0x0000000019e78000 Uncommon trap: reason=unstable_if action=reinterpret pc=0x00000000036f117c method=java.io.WinNTFileSystem.resolve(Ljava/lang/String;Ljava/lang/String;)Ljava/lang/String; @ 49
Event: 5.211 Thread 0x0000000019e78000 Uncommon trap: reason=unstable_if action=reinterpret pc=0x00000000037287b0 method=java.util.LinkedHashMap.afterNodeInsertion(Z)V @ 1
Event: 5.431 Thread 0x0000000019e78000 Uncommon trap: reason=unstable_if action=reinterpret pc=0x0000000003c5a364 method=org.objectweb.asm.Type.appendDescriptor(Ljava/lang/Class;Ljava/lang/StringBuilder;)V @ 6
Event: 6.041 Thread 0x0000000019e78000 Uncommon trap: reason=unstable_if action=reinterpret pc=0x00000000036e2944 method=java.util.HashMap.getNode(ILjava/lang/Object;)Ljava/util/HashMap$Node; @ 53
Event: 6.041 Thread 0x0000000019e78000 Uncommon trap: reason=unstable_if action=reinterpret pc=0x00000000036e54b0 method=java.util.HashMap.hash(Ljava/lang/Object;)I @ 1
Event: 6.041 Thread 0x0000000019e78000 Uncommon trap: reason=unstable_if action=reinterpret pc=0x00000000038c4288 method=java.util.HashMap.putVal(ILjava/lang/Object;Ljava/lang/Object;ZZ)Ljava/lang/Object; @ 85
Event: 6.106 Thread 0x0000000019e78000 Uncommon trap: reason=unstable_if action=reinterpret pc=0x0000000003cbd06c method=org.codehaus.groovy.runtime.metaclass.MetaMethodIndex.addMethodToList(Ljava/lang/Object;Lgroovy/lang/MetaMethod;)Ljava/lang/Object; @ 226
Event: 6.148 Thread 0x0000000019e78000 Uncommon trap: reason=unstable_if action=reinterpret pc=0x0000000003c68348 method=org.objectweb.asm.ByteVector.putShort(I)Lorg/objectweb/asm/ByteVector; @ 13
Event: 6.425 Thread 0x0000000019e78000 Uncommon trap: reason=range_check action=make_not_entrant pc=0x0000000003db19d8 method=java.lang.String.charAt(I)C @ 27
Event: 6.516 Thread 0x0000000019e78000 Uncommon trap: reason=unstable_if action=reinterpret pc=0x0000000003da6960 method=java.net.URI.match(CJJ)Z @ 45

Classes redefined (0 events):
No events

Internal exceptions (10 events):
Event: 6.363 Thread 0x0000000019e78000 Exception <a 'java/lang/ClassNotFoundException': org/gradle/api/internal/DefaultNamedDomainObjectCollectionBeanInfo> (0x00000000e0472050) thrown at [D:\src\AOSP-openjdk-cygwin\jdk8u\hotspot\src\share\vm\classfile\systemDictionary.cpp, line 210]
Event: 6.364 Thread 0x0000000019e78000 Exception <a 'java/lang/ClassNotFoundException': org/gradle/api/internal/DefaultDomainObjectCollectionBeanInfo> (0x00000000e04a29d8) thrown at [D:\src\AOSP-openjdk-cygwin\jdk8u\hotspot\src\share\vm\classfile\systemDictionary.cpp, line 210]
Event: 6.364 Thread 0x0000000019e78000 Exception <a 'java/lang/ClassNotFoundException': java/util/AbstractCollectionBeanInfo> (0x00000000e04a6fc0) thrown at [D:\src\AOSP-openjdk-cygwin\jdk8u\hotspot\src\share\vm\classfile\systemDictionary.cpp, line 210]
Event: 6.364 Thread 0x0000000019e78000 Exception <a 'java/lang/ClassNotFoundException': java/util/AbstractCollectionCustomizer> (0x00000000e04ab540) thrown at [D:\src\AOSP-openjdk-cygwin\jdk8u\hotspot\src\share\vm\classfile\systemDictionary.cpp, line 210]
Event: 6.366 Thread 0x0000000019e78000 Exception <a 'java/lang/ClassNotFoundException': org/gradle/api/internal/DefaultDomainObjectCollectionCustomizer> (0x00000000e04e80d8) thrown at [D:\src\AOSP-openjdk-cygwin\jdk8u\hotspot\src\share\vm\classfile\systemDictionary.cpp, line 210]
Event: 6.379 Thread 0x0000000019e78000 Exception <a 'java/lang/ClassNotFoundException': org/gradle/api/internal/DefaultNamedDomainObjectCollectionCustomizer> (0x00000000e0544800) thrown at [D:\src\AOSP-openjdk-cygwin\jdk8u\hotspot\src\share\vm\classfile\systemDictionary.cpp, line 210]
Event: 6.386 Thread 0x0000000019e78000 Exception <a 'java/lang/ClassNotFoundException': org/gradle/api/internal/DefaultNamedDomainObjectListCustomizer> (0x00000000e05b31c8) thrown at [D:\src\AOSP-openjdk-cygwin\jdk8u\hotspot\src\share\vm\classfile\systemDictionary.cpp, line 210]
Event: 6.398 Thread 0x0000000019e78000 Exception <a 'java/lang/ClassNotFoundException': org/gradle/api/internal/artifacts/DefaultArtifactRepositoryContainerCustomizer> (0x00000000e0625bc8) thrown at [D:\src\AOSP-openjdk-cygwin\jdk8u\hotspot\src\share\vm\classfile\systemDictionary.cpp, line 210
Event: 6.400 Thread 0x0000000019e78000 Exception <a 'java/lang/ClassNotFoundException': org/gradle/api/internal/artifacts/dsl/DefaultRepositoryHandlerCustomizer> (0x00000000e068a940) thrown at [D:\src\AOSP-openjdk-cygwin\jdk8u\hotspot\src\share\vm\classfile\systemDictionary.cpp, line 210]
Event: 6.401 Thread 0x0000000019e78000 Exception <a 'java/lang/ClassNotFoundException': org/gradle/api/internal/artifacts/dsl/DefaultRepositoryHandler_DecoratedCustomizer> (0x00000000e0715400) thrown at [D:\src\AOSP-openjdk-cygwin\jdk8u\hotspot\src\share\vm\classfile\systemDictionary.cpp, line

Events (10 events):
Event: 6.544 loading class org/gradle/api/internal/artifacts/ivyservice/ivyresolve/CachingModuleComponentRepository$ResolveAndCacheRepositoryAccess
Event: 6.544 loading class org/gradle/api/internal/artifacts/ivyservice/ivyresolve/CachingModuleComponentRepository$ResolveAndCacheRepositoryAccess done
Event: 6.545 loading class org/gradle/api/internal/artifacts/ivyservice/modulecache/ResolvedArtifactCaches$ResolvedArtifactCacheProvidingModuleComponentRepository
Event: 6.545 loading class org/gradle/api/internal/artifacts/ivyservice/modulecache/ResolvedArtifactCaches$ResolvedArtifactCacheProvidingModuleComponentRepository done
Event: 6.545 loading class org/gradle/api/internal/artifacts/ivyservice/ivyresolve/BaseModuleComponentRepository
Event: 6.545 loading class org/gradle/api/internal/artifacts/ivyservice/ivyresolve/BaseModuleComponentRepository done
Event: 6.545 loading class org/gradle/api/internal/artifacts/ivyservice/ivyresolve/ErrorHandlingModuleComponentRepository
Event: 6.545 loading class org/gradle/api/internal/artifacts/ivyservice/ivyresolve/ErrorHandlingModuleComponentRepository done
Event: 6.546 loading class org/gradle/api/internal/artifacts/ivyservice/ivyresolve/ErrorHandlingModuleComponentRepository$ErrorHandlingModuleComponentRepositoryAccess
Event: 6.546 loading class org/gradle/api/internal/artifacts/ivyservice/ivyresolve/ErrorHandlingModuleComponentRepository$ErrorHandlingModuleComponentRepositoryAccess done


Dynamic libraries:
0x00007ff6e01e0000 - 0x00007ff6e0211000 	C:\Program Files\Android\Android Studio\jre\bin\java.exe
0x00007fff56fe0000 - 0x00007fff571d0000 	C:\WINDOWS\SYSTEM32\ntdll.dll
0x00007fff555b0000 - 0x00007fff55662000 	C:\WINDOWS\System32\KERNEL32.DLL
0x00007fff53f70000 - 0x00007fff54213000 	C:\WINDOWS\System32\KERNELBASE.dll
0x00007fff55c10000 - 0x00007fff55cb3000 	C:\WINDOWS\System32\ADVAPI32.dll
0x00007fff55500000 - 0x00007fff5559e000 	C:\WINDOWS\System32\msvcrt.dll
0x00007fff556a0000 - 0x00007fff55737000 	C:\WINDOWS\System32\sechost.dll
0x00007fff56550000 - 0x00007fff56670000 	C:\WINDOWS\System32\RPCRT4.dll
0x00007fff56830000 - 0x00007fff569c4000 	C:\WINDOWS\System32\USER32.dll
0x00007fff54c70000 - 0x00007fff54c91000 	C:\WINDOWS\System32\win32u.dll
0x00007fff55670000 - 0x00007fff55696000 	C:\WINDOWS\System32\GDI32.dll
0x00007fff54220000 - 0x00007fff543b4000 	C:\WINDOWS\System32\gdi32full.dll
0x00007fff54420000 - 0x00007fff544be000 	C:\WINDOWS\System32\msvcp_win.dll
0x00007fff54f90000 - 0x00007fff5508a000 	C:\WINDOWS\System32\ucrtbase.dll
0x00007fff435c0000 - 0x00007fff43845000 	C:\WINDOWS\WinSxS\amd64_microsoft.windows.common-controls_6595b64144ccf1df_6.0.18362.476_none_e6c4b11b130f2595\COMCTL32.dll
0x00007fff56b90000 - 0x00007fff56ec6000 	C:\WINDOWS\System32\combase.dll
0x00007fff54e60000 - 0x00007fff54ee0000 	C:\WINDOWS\System32\bcryptPrimitives.dll
0x00007fff56520000 - 0x00007fff5654e000 	C:\WINDOWS\System32\IMM32.DLL
0x0000000057fe0000 - 0x00000000580b2000 	C:\Program Files\Android\Android Studio\jre\jre\bin\msvcr100.dll
0x00000000580c0000 - 0x0000000058901000 	C:\Program Files\Android\Android Studio\jre\jre\bin\server\jvm.dll
0x00007fff55270000 - 0x00007fff55278000 	C:\WINDOWS\System32\PSAPI.DLL
0x00007fff43d90000 - 0x00007fff43d99000 	C:\WINDOWS\SYSTEM32\WSOCK32.dll
0x00007fff564b0000 - 0x00007fff5651f000 	C:\WINDOWS\System32\WS2_32.dll
0x00007fff51e20000 - 0x00007fff51e44000 	C:\WINDOWS\SYSTEM32\WINMM.dll
0x00007fff4d4a0000 - 0x00007fff4d4aa000 	C:\WINDOWS\SYSTEM32\VERSION.dll
0x00007fff51df0000 - 0x00007fff51e1d000 	C:\WINDOWS\SYSTEM32\WINMMBASE.dll
0x00007fff54ca0000 - 0x00007fff54cea000 	C:\WINDOWS\System32\cfgmgr32.dll
0x00007fff50790000 - 0x00007fff5079f000 	C:\Program Files\Android\Android Studio\jre\jre\bin\verify.dll
0x00007fff4da30000 - 0x00007fff4da59000 	C:\Program Files\Android\Android Studio\jre\jre\bin\java.dll
0x00007fff4da10000 - 0x00007fff4da26000 	C:\Program Files\Android\Android Studio\jre\jre\bin\zip.dll
0x00007fff55cc0000 - 0x00007fff563a5000 	C:\WINDOWS\System32\SHELL32.dll
0x00007fff55090000 - 0x00007fff55139000 	C:\WINDOWS\System32\shcore.dll
0x00007fff544f0000 - 0x00007fff54c6e000 	C:\WINDOWS\System32\windows.storage.dll
0x00007fff53f30000 - 0x00007fff53f4f000 	C:\WINDOWS\System32\profapi.dll
0x00007fff53ee0000 - 0x00007fff53f2a000 	C:\WINDOWS\System32\powrprof.dll
0x00007fff53eb0000 - 0x00007fff53ec0000 	C:\WINDOWS\System32\UMPDC.dll
0x00007fff55740000 - 0x00007fff55792000 	C:\WINDOWS\System32\shlwapi.dll
0x00007fff53ec0000 - 0x00007fff53ed1000 	C:\WINDOWS\System32\kernel.appcore.dll
0x00007fff54e40000 - 0x00007fff54e57000 	C:\WINDOWS\System32\cryptsp.dll
0x00007fff4d9f0000 - 0x00007fff4da0a000 	C:\Program Files\Android\Android Studio\jre\jre\bin\net.dll
0x00007fff536c0000 - 0x00007fff53727000 	C:\WINDOWS\system32\mswsock.dll
0x00007fff48a00000 - 0x00007fff48a11000 	C:\Program Files\Android\Android Studio\jre\jre\bin\nio.dll
0x00007fff44d40000 - 0x00007fff44d5e000 	C:\Users\LACUC\.gradle\native\25\windows-amd64\native-platform.dll
0x00007fff50780000 - 0x00007fff5078d000 	C:\Program Files\Android\Android Studio\jre\jre\bin\management.dll
0x00007fff53230000 - 0x00007fff53263000 	C:\WINDOWS\system32\rsaenh.dll
0x00007fff544c0000 - 0x00007fff544e6000 	C:\WINDOWS\System32\bcrypt.dll
0x00007fff53da0000 - 0x00007fff53dc5000 	C:\WINDOWS\SYSTEM32\USERENV.dll
0x00007fff538f0000 - 0x00007fff538fc000 	C:\WINDOWS\SYSTEM32\CRYPTBASE.dll
0x00007fff533d0000 - 0x00007fff5340a000 	C:\WINDOWS\SYSTEM32\IPHLPAPI.DLL
0x00007fff555a0000 - 0x00007fff555a8000 	C:\WINDOWS\System32\NSI.dll
0x00007fff4d420000 - 0x00007fff4d436000 	C:\WINDOWS\SYSTEM32\dhcpcsvc6.DLL
0x00007fff4d400000 - 0x00007fff4d41c000 	C:\WINDOWS\SYSTEM32\dhcpcsvc.DLL
0x00007fff53410000 - 0x00007fff534da000 	C:\WINDOWS\SYSTEM32\DNSAPI.dll

VM Arguments:
jvm_args: -Xmx1536m -Dfile.encoding=x-windows-949 -Duser.country=KR -Duser.language=ko -Duser.variant 
java_command: org.gradle.launcher.daemon.bootstrap.GradleDaemon 5.1.1
java_class_path (initial): C:\Users\LACUC\.gradle\wrapper\dists\gradle-5.1.1-all\97z1ksx6lirer3kbvdnh7jtjg\gradle-5.1.1\lib\gradle-launcher-5.1.1.jar
Launcher Type: SUN_STANDARD

Environment Variables:
JAVA_HOME=C:\Program Files\Java\jdk1.8.0_201
PATH=C:\Program Files (x86)\Common Files\Oracle\Java\javapath;C:\WINDOWS\system32;C:\WINDOWS;C:\WINDOWS\System32\Wbem;C:\WINDOWS\System32\WindowsPowerShell\v1.0\;C:\Program Files\dotnet\;C:\WINDOWS\System32\OpenSSH\;C:\Program Files\Git\cmd;C:\Program Files\Microsoft SQL Server\Client SDK\ODBC\130\Tools\Binn\;C:\Program Files (x86)\Microsoft SQL Server\140\Tools\Binn\;C:\Program Files\Microsoft SQL Server\140\Tools\Binn\;C:\Program Files\Microsoft SQL Server\140\DTS\Binn\;C:\Program Files (x86)\Microsoft SQL Server\150\DTS\Binn\;C:\opencv\build\x64\vc14\bin;C:\Program Files\PuTTY\;C:\Users\LACUC\AppData\Local\Programs\Python\Python37\Scripts\;C:\Users\LACUC\AppData\Local\Programs\Python\Python37\;C:\Users\LACUC\AppData\Local\Microsoft\WindowsApps;C:\Program Files\Bandizip\;C:\Program Files\Java\jdk1.8.0_201\bin;C:\Users\LACUC\AppData\Local\atom\bin;C:\Users\LACUC\AppData\Local\GitHubDesktop\bin;C:\Program Files\JetBrains\PyCharm Community Edition 2019.2\bin;;C:\Users\LACUC\AppData\Local\Programs\Microsoft VS Code\bin;C:\Users\LACUC\AppData\Local\Microsoft\WindowsApps;
USERNAME=LACUC
OS=Windows_NT
PROCESSOR_IDENTIFIER=Intel64 Family 6 Model 158 Stepping 9, GenuineIntel



---------------  S Y S T E M  ---------------

OS: Windows 10.0 , 64 bit Build 18362 (10.0.18362.329)

CPU:total 4 (initial active 4) (4 cores per cpu, 1 threads per core) family 6 model 158 stepping 9, cmov, cx8, fxsr, mmx, sse, sse2, sse3, ssse3, sse4.1, sse4.2, popcnt, avx, avx2, aes, clmul, erms, rtm, 3dnowpref, lzcnt, tsc, tscinvbit, bmi1, bmi2, adx

Memory: 4k page, physical 16639756k(8638100k free), swap 66971404k(5272k free)

vm_info: OpenJDK 64-Bit Server VM (25.152-b01) for windows-amd64 JRE (1.8.0_152-release-1343-b01), built by "builder" with MS VC++ 10.0 (VS2010)

time: Sun Dec 08 16:52:35 2019
elapsed time: 6 seconds (0d 0h 0m 6s)

